<?xml version="1.0" encoding="UTF-8"?>
<!-- Generated by org.testng.reporters.JUnitReportReporter -->
<testsuite skipped="0" hostname="Suraksha" name="com.testcases.validateNavigationBar" tests="1" failures="0" timestamp="2020-01-07T15:11:06 IST" time="6.397" errors="0">
  <testcase name="basePageNavigation" time="6.397" classname="com.testcases.validateNavigationBar"/>
  <system-out/>
</testsuite> <!-- com.testcases.validateNavigationBar -->
